<?xml version="1.0" encoding="UTF-8"?>
<testsuite xmlns:xsi="http://www.w3.org/2001/XMLSchema-instance" xsi:noNamespaceSchemaLocation="https://maven.apache.org/surefire/maven-surefire-plugin/xsd/surefire-test-report.xsd" name="com.plus.bysj.account.AccountApplicationTests" time="8.563" tests="1" errors="0" skipped="0" failures="0">
  <properties>
    <property name="sun.desktop" value="windows"/>
    <property name="awt.toolkit" value="sun.awt.windows.WToolkit"/>
    <property name="file.encoding.pkg" value="sun.io"/>
    <property name="java.specification.version" value="1.8"/>
    <property name="sun.cpu.isalist" value="amd64"/>
    <property name="sun.jnu.encoding" value="GBK"/>
    <property name="java.class.path" value="C:\Users\Administrator\Desktop\account\account\target\test-classes;C:\Users\Administrator\Desktop\account\account\target\classes;E:\Maven_Repo\org\springframework\boot\spring-boot-starter\2.4.5\spring-boot-starter-2.4.5.jar;E:\Maven_Repo\org\springframework\boot\spring-boot\2.4.5\spring-boot-2.4.5.jar;E:\Maven_Repo\org\springframework\spring-context\5.3.6\spring-context-5.3.6.jar;E:\Maven_Repo\org\springframework\boot\spring-boot-autoconfigure\2.4.5\spring-boot-autoconfigure-2.4.5.jar;E:\Maven_Repo\jakarta\annotation\jakarta.annotation-api\1.3.5\jakarta.annotation-api-1.3.5.jar;E:\Maven_Repo\org\springframework\spring-core\5.3.6\spring-core-5.3.6.jar;E:\Maven_Repo\org\springframework\spring-jcl\5.3.6\spring-jcl-5.3.6.jar;E:\Maven_Repo\org\yaml\snakeyaml\1.27\snakeyaml-1.27.jar;E:\Maven_Repo\org\projectlombok\lombok\1.18.20\lombok-1.18.20.jar;E:\Maven_Repo\org\springframework\boot\spring-boot-starter-test\2.4.5\spring-boot-starter-test-2.4.5.jar;E:\Maven_Repo\org\springframework\boot\spring-boot-test\2.4.5\spring-boot-test-2.4.5.jar;E:\Maven_Repo\org\springframework\boot\spring-boot-test-autoconfigure\2.4.5\spring-boot-test-autoconfigure-2.4.5.jar;E:\Maven_Repo\com\jayway\jsonpath\json-path\2.4.0\json-path-2.4.0.jar;E:\Maven_Repo\net\minidev\json-smart\2.3\json-smart-2.3.jar;E:\Maven_Repo\net\minidev\accessors-smart\1.2\accessors-smart-1.2.jar;E:\Maven_Repo\org\ow2\asm\asm\5.0.4\asm-5.0.4.jar;E:\Maven_Repo\jakarta\xml\bind\jakarta.xml.bind-api\2.3.3\jakarta.xml.bind-api-2.3.3.jar;E:\Maven_Repo\jakarta\activation\jakarta.activation-api\1.2.2\jakarta.activation-api-1.2.2.jar;E:\Maven_Repo\org\assertj\assertj-core\3.18.1\assertj-core-3.18.1.jar;E:\Maven_Repo\org\hamcrest\hamcrest\2.2\hamcrest-2.2.jar;E:\Maven_Repo\org\junit\jupiter\junit-jupiter\5.7.1\junit-jupiter-5.7.1.jar;E:\Maven_Repo\org\junit\jupiter\junit-jupiter-api\5.7.1\junit-jupiter-api-5.7.1.jar;E:\Maven_Repo\org\apiguardian\apiguardian-api\1.1.0\apiguardian-api-1.1.0.jar;E:\Maven_Repo\org\opentest4j\opentest4j\1.2.0\opentest4j-1.2.0.jar;E:\Maven_Repo\org\junit\platform\junit-platform-commons\1.7.1\junit-platform-commons-1.7.1.jar;E:\Maven_Repo\org\junit\jupiter\junit-jupiter-params\5.7.1\junit-jupiter-params-5.7.1.jar;E:\Maven_Repo\org\junit\jupiter\junit-jupiter-engine\5.7.1\junit-jupiter-engine-5.7.1.jar;E:\Maven_Repo\org\junit\platform\junit-platform-engine\1.7.1\junit-platform-engine-1.7.1.jar;E:\Maven_Repo\org\mockito\mockito-core\3.6.28\mockito-core-3.6.28.jar;E:\Maven_Repo\net\bytebuddy\byte-buddy\1.10.22\byte-buddy-1.10.22.jar;E:\Maven_Repo\net\bytebuddy\byte-buddy-agent\1.10.22\byte-buddy-agent-1.10.22.jar;E:\Maven_Repo\org\objenesis\objenesis\3.1\objenesis-3.1.jar;E:\Maven_Repo\org\mockito\mockito-junit-jupiter\3.6.28\mockito-junit-jupiter-3.6.28.jar;E:\Maven_Repo\org\skyscreamer\jsonassert\1.5.0\jsonassert-1.5.0.jar;E:\Maven_Repo\com\vaadin\external\google\android-json\0.0.20131108.vaadin1\android-json-0.0.20131108.vaadin1.jar;E:\Maven_Repo\org\springframework\spring-test\5.3.6\spring-test-5.3.6.jar;E:\Maven_Repo\org\xmlunit\xmlunit-core\2.7.0\xmlunit-core-2.7.0.jar;E:\Maven_Repo\org\springframework\boot\spring-boot-starter-data-jdbc\2.4.5\spring-boot-starter-data-jdbc-2.4.5.jar;E:\Maven_Repo\org\springframework\boot\spring-boot-starter-jdbc\2.4.5\spring-boot-starter-jdbc-2.4.5.jar;E:\Maven_Repo\com\zaxxer\HikariCP\3.4.5\HikariCP-3.4.5.jar;E:\Maven_Repo\org\springframework\spring-jdbc\5.3.6\spring-jdbc-5.3.6.jar;E:\Maven_Repo\org\springframework\data\spring-data-jdbc\2.1.8\spring-data-jdbc-2.1.8.jar;E:\Maven_Repo\org\springframework\data\spring-data-relational\2.1.8\spring-data-relational-2.1.8.jar;E:\Maven_Repo\org\springframework\data\spring-data-commons\2.4.8\spring-data-commons-2.4.8.jar;E:\Maven_Repo\org\springframework\spring-beans\5.3.6\spring-beans-5.3.6.jar;E:\Maven_Repo\org\springframework\boot\spring-boot-starter-data-jpa\2.4.5\spring-boot-starter-data-jpa-2.4.5.jar;E:\Maven_Repo\org\springframework\boot\spring-boot-starter-aop\2.4.5\spring-boot-starter-aop-2.4.5.jar;E:\Maven_Repo\org\springframework\spring-aop\5.3.6\spring-aop-5.3.6.jar;E:\Maven_Repo\org\aspectj\aspectjweaver\1.9.6\aspectjweaver-1.9.6.jar;E:\Maven_Repo\jakarta\transaction\jakarta.transaction-api\1.3.3\jakarta.transaction-api-1.3.3.jar;E:\Maven_Repo\jakarta\persistence\jakarta.persistence-api\2.2.3\jakarta.persistence-api-2.2.3.jar;E:\Maven_Repo\org\hibernate\hibernate-core\5.4.30.Final\hibernate-core-5.4.30.Final.jar;E:\Maven_Repo\org\jboss\logging\jboss-logging\3.4.1.Final\jboss-logging-3.4.1.Final.jar;E:\Maven_Repo\antlr\antlr\2.7.7\antlr-2.7.7.jar;E:\Maven_Repo\org\jboss\jandex\2.2.3.Final\jandex-2.2.3.Final.jar;E:\Maven_Repo\org\dom4j\dom4j\2.1.3\dom4j-2.1.3.jar;E:\Maven_Repo\org\hibernate\common\hibernate-commons-annotations\5.1.2.Final\hibernate-commons-annotations-5.1.2.Final.jar;E:\Maven_Repo\org\glassfish\jaxb\jaxb-runtime\2.3.4\jaxb-runtime-2.3.4.jar;E:\Maven_Repo\org\glassfish\jaxb\txw2\2.3.4\txw2-2.3.4.jar;E:\Maven_Repo\com\sun\istack\istack-commons-runtime\3.0.12\istack-commons-runtime-3.0.12.jar;E:\Maven_Repo\org\springframework\data\spring-data-jpa\2.4.8\spring-data-jpa-2.4.8.jar;E:\Maven_Repo\org\springframework\spring-orm\5.3.6\spring-orm-5.3.6.jar;E:\Maven_Repo\org\springframework\spring-aspects\5.3.6\spring-aspects-5.3.6.jar;E:\Maven_Repo\org\springframework\boot\spring-boot-starter-quartz\2.4.5\spring-boot-starter-quartz-2.4.5.jar;E:\Maven_Repo\org\springframework\spring-context-support\5.3.6\spring-context-support-5.3.6.jar;E:\Maven_Repo\org\springframework\spring-tx\5.3.6\spring-tx-5.3.6.jar;E:\Maven_Repo\org\quartz-scheduler\quartz\2.3.2\quartz-2.3.2.jar;E:\Maven_Repo\com\mchange\mchange-commons-java\0.2.15\mchange-commons-java-0.2.15.jar;E:\Maven_Repo\org\springframework\boot\spring-boot-starter-data-redis\2.4.5\spring-boot-starter-data-redis-2.4.5.jar;E:\Maven_Repo\org\springframework\data\spring-data-redis\2.4.8\spring-data-redis-2.4.8.jar;E:\Maven_Repo\org\springframework\data\spring-data-keyvalue\2.4.8\spring-data-keyvalue-2.4.8.jar;E:\Maven_Repo\org\springframework\spring-oxm\5.3.6\spring-oxm-5.3.6.jar;E:\Maven_Repo\io\lettuce\lettuce-core\6.0.4.RELEASE\lettuce-core-6.0.4.RELEASE.jar;E:\Maven_Repo\io\netty\netty-common\4.1.63.Final\netty-common-4.1.63.Final.jar;E:\Maven_Repo\io\netty\netty-handler\4.1.63.Final\netty-handler-4.1.63.Final.jar;E:\Maven_Repo\io\netty\netty-resolver\4.1.63.Final\netty-resolver-4.1.63.Final.jar;E:\Maven_Repo\io\netty\netty-buffer\4.1.63.Final\netty-buffer-4.1.63.Final.jar;E:\Maven_Repo\io\netty\netty-codec\4.1.63.Final\netty-codec-4.1.63.Final.jar;E:\Maven_Repo\io\netty\netty-transport\4.1.63.Final\netty-transport-4.1.63.Final.jar;E:\Maven_Repo\io\projectreactor\reactor-core\3.4.5\reactor-core-3.4.5.jar;E:\Maven_Repo\org\reactivestreams\reactive-streams\1.0.3\reactive-streams-1.0.3.jar;E:\Maven_Repo\org\springframework\boot\spring-boot-starter-log4j2\2.4.5\spring-boot-starter-log4j2-2.4.5.jar;E:\Maven_Repo\org\apache\logging\log4j\log4j-slf4j-impl\2.13.3\log4j-slf4j-impl-2.13.3.jar;E:\Maven_Repo\org\apache\logging\log4j\log4j-api\2.13.3\log4j-api-2.13.3.jar;E:\Maven_Repo\org\apache\logging\log4j\log4j-core\2.13.3\log4j-core-2.13.3.jar;E:\Maven_Repo\org\apache\logging\log4j\log4j-jul\2.13.3\log4j-jul-2.13.3.jar;E:\Maven_Repo\org\slf4j\jul-to-slf4j\1.7.30\jul-to-slf4j-1.7.30.jar;E:\Maven_Repo\org\springframework\boot\spring-boot-starter-web\2.4.5\spring-boot-starter-web-2.4.5.jar;E:\Maven_Repo\org\springframework\boot\spring-boot-starter-json\2.4.5\spring-boot-starter-json-2.4.5.jar;E:\Maven_Repo\com\fasterxml\jackson\core\jackson-databind\2.11.4\jackson-databind-2.11.4.jar;E:\Maven_Repo\com\fasterxml\jackson\core\jackson-core\2.11.4\jackson-core-2.11.4.jar;E:\Maven_Repo\com\fasterxml\jackson\datatype\jackson-datatype-jdk8\2.11.4\jackson-datatype-jdk8-2.11.4.jar;E:\Maven_Repo\com\fasterxml\jackson\datatype\jackson-datatype-jsr310\2.11.4\jackson-datatype-jsr310-2.11.4.jar;E:\Maven_Repo\com\fasterxml\jackson\module\jackson-module-parameter-names\2.11.4\jackson-module-parameter-names-2.11.4.jar;E:\Maven_Repo\org\springframework\boot\spring-boot-starter-tomcat\2.4.5\spring-boot-starter-tomcat-2.4.5.jar;E:\Maven_Repo\org\apache\tomcat\embed\tomcat-embed-core\9.0.45\tomcat-embed-core-9.0.45.jar;E:\Maven_Repo\org\apache\tomcat\embed\tomcat-embed-websocket\9.0.45\tomcat-embed-websocket-9.0.45.jar;E:\Maven_Repo\org\springframework\spring-web\5.3.6\spring-web-5.3.6.jar;E:\Maven_Repo\org\springframework\spring-webmvc\5.3.6\spring-webmvc-5.3.6.jar;E:\Maven_Repo\org\springframework\spring-expression\5.3.6\spring-expression-5.3.6.jar;E:\Maven_Repo\org\springframework\boot\spring-boot-starter-mail\2.4.5\spring-boot-starter-mail-2.4.5.jar;E:\Maven_Repo\com\sun\mail\jakarta.mail\1.6.7\jakarta.mail-1.6.7.jar;E:\Maven_Repo\com\sun\activation\jakarta.activation\1.2.2\jakarta.activation-1.2.2.jar;E:\Maven_Repo\mysql\mysql-connector-java\8.0.23\mysql-connector-java-8.0.23.jar;E:\Maven_Repo\org\postgresql\postgresql\42.2.19\postgresql-42.2.19.jar;E:\Maven_Repo\org\checkerframework\checker-qual\3.5.0\checker-qual-3.5.0.jar;E:\Maven_Repo\com\alibaba\druid-spring-boot-starter\1.2.5\druid-spring-boot-starter-1.2.5.jar;E:\Maven_Repo\com\alibaba\druid\1.2.5\druid-1.2.5.jar;E:\Maven_Repo\org\slf4j\slf4j-api\1.7.30\slf4j-api-1.7.30.jar;E:\Maven_Repo\io\springfox\springfox-swagger2\2.9.2\springfox-swagger2-2.9.2.jar;E:\Maven_Repo\io\swagger\swagger-annotations\1.5.20\swagger-annotations-1.5.20.jar;E:\Maven_Repo\io\swagger\swagger-models\1.5.20\swagger-models-1.5.20.jar;E:\Maven_Repo\com\fasterxml\jackson\core\jackson-annotations\2.11.4\jackson-annotations-2.11.4.jar;E:\Maven_Repo\io\springfox\springfox-spi\2.9.2\springfox-spi-2.9.2.jar;E:\Maven_Repo\io\springfox\springfox-core\2.9.2\springfox-core-2.9.2.jar;E:\Maven_Repo\io\springfox\springfox-schema\2.9.2\springfox-schema-2.9.2.jar;E:\Maven_Repo\io\springfox\springfox-swagger-common\2.9.2\springfox-swagger-common-2.9.2.jar;E:\Maven_Repo\io\springfox\springfox-spring-web\2.9.2\springfox-spring-web-2.9.2.jar;E:\Maven_Repo\com\google\guava\guava\20.0\guava-20.0.jar;E:\Maven_Repo\com\fasterxml\classmate\1.5.1\classmate-1.5.1.jar;E:\Maven_Repo\org\springframework\plugin\spring-plugin-core\1.2.0.RELEASE\spring-plugin-core-1.2.0.RELEASE.jar;E:\Maven_Repo\org\springframework\plugin\spring-plugin-metadata\1.2.0.RELEASE\spring-plugin-metadata-1.2.0.RELEASE.jar;E:\Maven_Repo\org\mapstruct\mapstruct\1.2.0.Final\mapstruct-1.2.0.Final.jar;E:\Maven_Repo\com\github\xiaoymin\swagger-bootstrap-ui\1.9.6\swagger-bootstrap-ui-1.9.6.jar;E:\Maven_Repo\org\javassist\javassist\3.25.0-GA\javassist-3.25.0-GA.jar;E:\Maven_Repo\org\springframework\boot\spring-boot-configuration-processor\2.4.5\spring-boot-configuration-processor-2.4.5.jar;E:\Maven_Repo\org\apache\commons\commons-lang3\3.12.0\commons-lang3-3.12.0.jar;E:\Maven_Repo\com\alibaba\fastjson\1.2.47\fastjson-1.2.47.jar;E:\Maven_Repo\org\springframework\boot\spring-boot-starter-validation\2.4.5\spring-boot-starter-validation-2.4.5.jar;E:\Maven_Repo\org\glassfish\jakarta.el\3.0.3\jakarta.el-3.0.3.jar;E:\Maven_Repo\org\hibernate\validator\hibernate-validator\6.1.7.Final\hibernate-validator-6.1.7.Final.jar;E:\Maven_Repo\jakarta\validation\jakarta.validation-api\2.0.2\jakarta.validation-api-2.0.2.jar;E:\Maven_Repo\javax\validation\validation-api\2.0.1.Final\validation-api-2.0.1.Final.jar;"/>
    <property name="java.vm.vendor" value="Oracle Corporation"/>
    <property name="sun.arch.data.model" value="64"/>
    <property name="user.variant" value=""/>
    <property name="java.vendor.url" value="http://java.oracle.com/"/>
    <property name="user.timezone" value="Asia/Shanghai"/>
    <property name="java.vm.specification.version" value="1.8"/>
    <property name="os.name" value="Windows 10"/>
    <property name="user.country" value="CN"/>
    <property name="sun.java.launcher" value="SUN_STANDARD"/>
    <property name="sun.boot.library.path" value="C:\Program Files\Java\jdk1.8.0_231\jre\bin"/>
    <property name="sun.java.command" value="C:\Users\ADMINI~1\AppData\Local\Temp\surefire2287565362723177719\surefirebooter5306290802945143744.jar C:\Users\Administrator\AppData\Local\Temp\surefire2287565362723177719 2021-04-27T00-07-52_654-jvmRun1 surefire3694755202819658156tmp surefire_04506521196850451701tmp"/>
    <property name="surefire.test.class.path" value="C:\Users\Administrator\Desktop\account\account\target\test-classes;C:\Users\Administrator\Desktop\account\account\target\classes;E:\Maven_Repo\org\springframework\boot\spring-boot-starter\2.4.5\spring-boot-starter-2.4.5.jar;E:\Maven_Repo\org\springframework\boot\spring-boot\2.4.5\spring-boot-2.4.5.jar;E:\Maven_Repo\org\springframework\spring-context\5.3.6\spring-context-5.3.6.jar;E:\Maven_Repo\org\springframework\boot\spring-boot-autoconfigure\2.4.5\spring-boot-autoconfigure-2.4.5.jar;E:\Maven_Repo\jakarta\annotation\jakarta.annotation-api\1.3.5\jakarta.annotation-api-1.3.5.jar;E:\Maven_Repo\org\springframework\spring-core\5.3.6\spring-core-5.3.6.jar;E:\Maven_Repo\org\springframework\spring-jcl\5.3.6\spring-jcl-5.3.6.jar;E:\Maven_Repo\org\yaml\snakeyaml\1.27\snakeyaml-1.27.jar;E:\Maven_Repo\org\projectlombok\lombok\1.18.20\lombok-1.18.20.jar;E:\Maven_Repo\org\springframework\boot\spring-boot-starter-test\2.4.5\spring-boot-starter-test-2.4.5.jar;E:\Maven_Repo\org\springframework\boot\spring-boot-test\2.4.5\spring-boot-test-2.4.5.jar;E:\Maven_Repo\org\springframework\boot\spring-boot-test-autoconfigure\2.4.5\spring-boot-test-autoconfigure-2.4.5.jar;E:\Maven_Repo\com\jayway\jsonpath\json-path\2.4.0\json-path-2.4.0.jar;E:\Maven_Repo\net\minidev\json-smart\2.3\json-smart-2.3.jar;E:\Maven_Repo\net\minidev\accessors-smart\1.2\accessors-smart-1.2.jar;E:\Maven_Repo\org\ow2\asm\asm\5.0.4\asm-5.0.4.jar;E:\Maven_Repo\jakarta\xml\bind\jakarta.xml.bind-api\2.3.3\jakarta.xml.bind-api-2.3.3.jar;E:\Maven_Repo\jakarta\activation\jakarta.activation-api\1.2.2\jakarta.activation-api-1.2.2.jar;E:\Maven_Repo\org\assertj\assertj-core\3.18.1\assertj-core-3.18.1.jar;E:\Maven_Repo\org\hamcrest\hamcrest\2.2\hamcrest-2.2.jar;E:\Maven_Repo\org\junit\jupiter\junit-jupiter\5.7.1\junit-jupiter-5.7.1.jar;E:\Maven_Repo\org\junit\jupiter\junit-jupiter-api\5.7.1\junit-jupiter-api-5.7.1.jar;E:\Maven_Repo\org\apiguardian\apiguardian-api\1.1.0\apiguardian-api-1.1.0.jar;E:\Maven_Repo\org\opentest4j\opentest4j\1.2.0\opentest4j-1.2.0.jar;E:\Maven_Repo\org\junit\platform\junit-platform-commons\1.7.1\junit-platform-commons-1.7.1.jar;E:\Maven_Repo\org\junit\jupiter\junit-jupiter-params\5.7.1\junit-jupiter-params-5.7.1.jar;E:\Maven_Repo\org\junit\jupiter\junit-jupiter-engine\5.7.1\junit-jupiter-engine-5.7.1.jar;E:\Maven_Repo\org\junit\platform\junit-platform-engine\1.7.1\junit-platform-engine-1.7.1.jar;E:\Maven_Repo\org\mockito\mockito-core\3.6.28\mockito-core-3.6.28.jar;E:\Maven_Repo\net\bytebuddy\byte-buddy\1.10.22\byte-buddy-1.10.22.jar;E:\Maven_Repo\net\bytebuddy\byte-buddy-agent\1.10.22\byte-buddy-agent-1.10.22.jar;E:\Maven_Repo\org\objenesis\objenesis\3.1\objenesis-3.1.jar;E:\Maven_Repo\org\mockito\mockito-junit-jupiter\3.6.28\mockito-junit-jupiter-3.6.28.jar;E:\Maven_Repo\org\skyscreamer\jsonassert\1.5.0\jsonassert-1.5.0.jar;E:\Maven_Repo\com\vaadin\external\google\android-json\0.0.20131108.vaadin1\android-json-0.0.20131108.vaadin1.jar;E:\Maven_Repo\org\springframework\spring-test\5.3.6\spring-test-5.3.6.jar;E:\Maven_Repo\org\xmlunit\xmlunit-core\2.7.0\xmlunit-core-2.7.0.jar;E:\Maven_Repo\org\springframework\boot\spring-boot-starter-data-jdbc\2.4.5\spring-boot-starter-data-jdbc-2.4.5.jar;E:\Maven_Repo\org\springframework\boot\spring-boot-starter-jdbc\2.4.5\spring-boot-starter-jdbc-2.4.5.jar;E:\Maven_Repo\com\zaxxer\HikariCP\3.4.5\HikariCP-3.4.5.jar;E:\Maven_Repo\org\springframework\spring-jdbc\5.3.6\spring-jdbc-5.3.6.jar;E:\Maven_Repo\org\springframework\data\spring-data-jdbc\2.1.8\spring-data-jdbc-2.1.8.jar;E:\Maven_Repo\org\springframework\data\spring-data-relational\2.1.8\spring-data-relational-2.1.8.jar;E:\Maven_Repo\org\springframework\data\spring-data-commons\2.4.8\spring-data-commons-2.4.8.jar;E:\Maven_Repo\org\springframework\spring-beans\5.3.6\spring-beans-5.3.6.jar;E:\Maven_Repo\org\springframework\boot\spring-boot-starter-data-jpa\2.4.5\spring-boot-starter-data-jpa-2.4.5.jar;E:\Maven_Repo\org\springframework\boot\spring-boot-starter-aop\2.4.5\spring-boot-starter-aop-2.4.5.jar;E:\Maven_Repo\org\springframework\spring-aop\5.3.6\spring-aop-5.3.6.jar;E:\Maven_Repo\org\aspectj\aspectjweaver\1.9.6\aspectjweaver-1.9.6.jar;E:\Maven_Repo\jakarta\transaction\jakarta.transaction-api\1.3.3\jakarta.transaction-api-1.3.3.jar;E:\Maven_Repo\jakarta\persistence\jakarta.persistence-api\2.2.3\jakarta.persistence-api-2.2.3.jar;E:\Maven_Repo\org\hibernate\hibernate-core\5.4.30.Final\hibernate-core-5.4.30.Final.jar;E:\Maven_Repo\org\jboss\logging\jboss-logging\3.4.1.Final\jboss-logging-3.4.1.Final.jar;E:\Maven_Repo\antlr\antlr\2.7.7\antlr-2.7.7.jar;E:\Maven_Repo\org\jboss\jandex\2.2.3.Final\jandex-2.2.3.Final.jar;E:\Maven_Repo\org\dom4j\dom4j\2.1.3\dom4j-2.1.3.jar;E:\Maven_Repo\org\hibernate\common\hibernate-commons-annotations\5.1.2.Final\hibernate-commons-annotations-5.1.2.Final.jar;E:\Maven_Repo\org\glassfish\jaxb\jaxb-runtime\2.3.4\jaxb-runtime-2.3.4.jar;E:\Maven_Repo\org\glassfish\jaxb\txw2\2.3.4\txw2-2.3.4.jar;E:\Maven_Repo\com\sun\istack\istack-commons-runtime\3.0.12\istack-commons-runtime-3.0.12.jar;E:\Maven_Repo\org\springframework\data\spring-data-jpa\2.4.8\spring-data-jpa-2.4.8.jar;E:\Maven_Repo\org\springframework\spring-orm\5.3.6\spring-orm-5.3.6.jar;E:\Maven_Repo\org\springframework\spring-aspects\5.3.6\spring-aspects-5.3.6.jar;E:\Maven_Repo\org\springframework\boot\spring-boot-starter-quartz\2.4.5\spring-boot-starter-quartz-2.4.5.jar;E:\Maven_Repo\org\springframework\spring-context-support\5.3.6\spring-context-support-5.3.6.jar;E:\Maven_Repo\org\springframework\spring-tx\5.3.6\spring-tx-5.3.6.jar;E:\Maven_Repo\org\quartz-scheduler\quartz\2.3.2\quartz-2.3.2.jar;E:\Maven_Repo\com\mchange\mchange-commons-java\0.2.15\mchange-commons-java-0.2.15.jar;E:\Maven_Repo\org\springframework\boot\spring-boot-starter-data-redis\2.4.5\spring-boot-starter-data-redis-2.4.5.jar;E:\Maven_Repo\org\springframework\data\spring-data-redis\2.4.8\spring-data-redis-2.4.8.jar;E:\Maven_Repo\org\springframework\data\spring-data-keyvalue\2.4.8\spring-data-keyvalue-2.4.8.jar;E:\Maven_Repo\org\springframework\spring-oxm\5.3.6\spring-oxm-5.3.6.jar;E:\Maven_Repo\io\lettuce\lettuce-core\6.0.4.RELEASE\lettuce-core-6.0.4.RELEASE.jar;E:\Maven_Repo\io\netty\netty-common\4.1.63.Final\netty-common-4.1.63.Final.jar;E:\Maven_Repo\io\netty\netty-handler\4.1.63.Final\netty-handler-4.1.63.Final.jar;E:\Maven_Repo\io\netty\netty-resolver\4.1.63.Final\netty-resolver-4.1.63.Final.jar;E:\Maven_Repo\io\netty\netty-buffer\4.1.63.Final\netty-buffer-4.1.63.Final.jar;E:\Maven_Repo\io\netty\netty-codec\4.1.63.Final\netty-codec-4.1.63.Final.jar;E:\Maven_Repo\io\netty\netty-transport\4.1.63.Final\netty-transport-4.1.63.Final.jar;E:\Maven_Repo\io\projectreactor\reactor-core\3.4.5\reactor-core-3.4.5.jar;E:\Maven_Repo\org\reactivestreams\reactive-streams\1.0.3\reactive-streams-1.0.3.jar;E:\Maven_Repo\org\springframework\boot\spring-boot-starter-log4j2\2.4.5\spring-boot-starter-log4j2-2.4.5.jar;E:\Maven_Repo\org\apache\logging\log4j\log4j-slf4j-impl\2.13.3\log4j-slf4j-impl-2.13.3.jar;E:\Maven_Repo\org\apache\logging\log4j\log4j-api\2.13.3\log4j-api-2.13.3.jar;E:\Maven_Repo\org\apache\logging\log4j\log4j-core\2.13.3\log4j-core-2.13.3.jar;E:\Maven_Repo\org\apache\logging\log4j\log4j-jul\2.13.3\log4j-jul-2.13.3.jar;E:\Maven_Repo\org\slf4j\jul-to-slf4j\1.7.30\jul-to-slf4j-1.7.30.jar;E:\Maven_Repo\org\springframework\boot\spring-boot-starter-web\2.4.5\spring-boot-starter-web-2.4.5.jar;E:\Maven_Repo\org\springframework\boot\spring-boot-starter-json\2.4.5\spring-boot-starter-json-2.4.5.jar;E:\Maven_Repo\com\fasterxml\jackson\core\jackson-databind\2.11.4\jackson-databind-2.11.4.jar;E:\Maven_Repo\com\fasterxml\jackson\core\jackson-core\2.11.4\jackson-core-2.11.4.jar;E:\Maven_Repo\com\fasterxml\jackson\datatype\jackson-datatype-jdk8\2.11.4\jackson-datatype-jdk8-2.11.4.jar;E:\Maven_Repo\com\fasterxml\jackson\datatype\jackson-datatype-jsr310\2.11.4\jackson-datatype-jsr310-2.11.4.jar;E:\Maven_Repo\com\fasterxml\jackson\module\jackson-module-parameter-names\2.11.4\jackson-module-parameter-names-2.11.4.jar;E:\Maven_Repo\org\springframework\boot\spring-boot-starter-tomcat\2.4.5\spring-boot-starter-tomcat-2.4.5.jar;E:\Maven_Repo\org\apache\tomcat\embed\tomcat-embed-core\9.0.45\tomcat-embed-core-9.0.45.jar;E:\Maven_Repo\org\apache\tomcat\embed\tomcat-embed-websocket\9.0.45\tomcat-embed-websocket-9.0.45.jar;E:\Maven_Repo\org\springframework\spring-web\5.3.6\spring-web-5.3.6.jar;E:\Maven_Repo\org\springframework\spring-webmvc\5.3.6\spring-webmvc-5.3.6.jar;E:\Maven_Repo\org\springframework\spring-expression\5.3.6\spring-expression-5.3.6.jar;E:\Maven_Repo\org\springframework\boot\spring-boot-starter-mail\2.4.5\spring-boot-starter-mail-2.4.5.jar;E:\Maven_Repo\com\sun\mail\jakarta.mail\1.6.7\jakarta.mail-1.6.7.jar;E:\Maven_Repo\com\sun\activation\jakarta.activation\1.2.2\jakarta.activation-1.2.2.jar;E:\Maven_Repo\mysql\mysql-connector-java\8.0.23\mysql-connector-java-8.0.23.jar;E:\Maven_Repo\org\postgresql\postgresql\42.2.19\postgresql-42.2.19.jar;E:\Maven_Repo\org\checkerframework\checker-qual\3.5.0\checker-qual-3.5.0.jar;E:\Maven_Repo\com\alibaba\druid-spring-boot-starter\1.2.5\druid-spring-boot-starter-1.2.5.jar;E:\Maven_Repo\com\alibaba\druid\1.2.5\druid-1.2.5.jar;E:\Maven_Repo\org\slf4j\slf4j-api\1.7.30\slf4j-api-1.7.30.jar;E:\Maven_Repo\io\springfox\springfox-swagger2\2.9.2\springfox-swagger2-2.9.2.jar;E:\Maven_Repo\io\swagger\swagger-annotations\1.5.20\swagger-annotations-1.5.20.jar;E:\Maven_Repo\io\swagger\swagger-models\1.5.20\swagger-models-1.5.20.jar;E:\Maven_Repo\com\fasterxml\jackson\core\jackson-annotations\2.11.4\jackson-annotations-2.11.4.jar;E:\Maven_Repo\io\springfox\springfox-spi\2.9.2\springfox-spi-2.9.2.jar;E:\Maven_Repo\io\springfox\springfox-core\2.9.2\springfox-core-2.9.2.jar;E:\Maven_Repo\io\springfox\springfox-schema\2.9.2\springfox-schema-2.9.2.jar;E:\Maven_Repo\io\springfox\springfox-swagger-common\2.9.2\springfox-swagger-common-2.9.2.jar;E:\Maven_Repo\io\springfox\springfox-spring-web\2.9.2\springfox-spring-web-2.9.2.jar;E:\Maven_Repo\com\google\guava\guava\20.0\guava-20.0.jar;E:\Maven_Repo\com\fasterxml\classmate\1.5.1\classmate-1.5.1.jar;E:\Maven_Repo\org\springframework\plugin\spring-plugin-core\1.2.0.RELEASE\spring-plugin-core-1.2.0.RELEASE.jar;E:\Maven_Repo\org\springframework\plugin\spring-plugin-metadata\1.2.0.RELEASE\spring-plugin-metadata-1.2.0.RELEASE.jar;E:\Maven_Repo\org\mapstruct\mapstruct\1.2.0.Final\mapstruct-1.2.0.Final.jar;E:\Maven_Repo\com\github\xiaoymin\swagger-bootstrap-ui\1.9.6\swagger-bootstrap-ui-1.9.6.jar;E:\Maven_Repo\org\javassist\javassist\3.25.0-GA\javassist-3.25.0-GA.jar;E:\Maven_Repo\org\springframework\boot\spring-boot-configuration-processor\2.4.5\spring-boot-configuration-processor-2.4.5.jar;E:\Maven_Repo\org\apache\commons\commons-lang3\3.12.0\commons-lang3-3.12.0.jar;E:\Maven_Repo\com\alibaba\fastjson\1.2.47\fastjson-1.2.47.jar;E:\Maven_Repo\org\springframework\boot\spring-boot-starter-validation\2.4.5\spring-boot-starter-validation-2.4.5.jar;E:\Maven_Repo\org\glassfish\jakarta.el\3.0.3\jakarta.el-3.0.3.jar;E:\Maven_Repo\org\hibernate\validator\hibernate-validator\6.1.7.Final\hibernate-validator-6.1.7.Final.jar;E:\Maven_Repo\jakarta\validation\jakarta.validation-api\2.0.2\jakarta.validation-api-2.0.2.jar;E:\Maven_Repo\javax\validation\validation-api\2.0.1.Final\validation-api-2.0.1.Final.jar;"/>
    <property name="sun.cpu.endian" value="little"/>
    <property name="user.home" value="C:\Users\Administrator"/>
    <property name="user.language" value="zh"/>
    <property name="java.specification.vendor" value="Oracle Corporation"/>
    <property name="java.home" value="C:\Program Files\Java\jdk1.8.0_231\jre"/>
    <property name="basedir" value="C:\Users\Administrator\Desktop\account\account"/>
    <property name="file.separator" value="\"/>
    <property name="line.separator" value="&#10;"/>
    <property name="java.vm.specification.vendor" value="Oracle Corporation"/>
    <property name="java.specification.name" value="Java Platform API Specification"/>
    <property name="java.awt.graphicsenv" value="sun.awt.Win32GraphicsEnvironment"/>
    <property name="surefire.real.class.path" value="C:\Users\ADMINI~1\AppData\Local\Temp\surefire2287565362723177719\surefirebooter5306290802945143744.jar"/>
    <property name="sun.boot.class.path" value="C:\Program Files\Java\jdk1.8.0_231\jre\lib\resources.jar;C:\Program Files\Java\jdk1.8.0_231\jre\lib\rt.jar;C:\Program Files\Java\jdk1.8.0_231\jre\lib\sunrsasign.jar;C:\Program Files\Java\jdk1.8.0_231\jre\lib\jsse.jar;C:\Program Files\Java\jdk1.8.0_231\jre\lib\jce.jar;C:\Program Files\Java\jdk1.8.0_231\jre\lib\charsets.jar;C:\Program Files\Java\jdk1.8.0_231\jre\lib\jfr.jar;C:\Program Files\Java\jdk1.8.0_231\jre\classes"/>
    <property name="user.script" value=""/>
    <property name="sun.management.compiler" value="HotSpot 64-Bit Tiered Compilers"/>
    <property name="java.runtime.version" value="1.8.0_231-b11"/>
    <property name="user.name" value="Administrator"/>
    <property name="path.separator" value=";"/>
    <property name="os.version" value="10.0"/>
    <property name="java.endorsed.dirs" value="C:\Program Files\Java\jdk1.8.0_231\jre\lib\endorsed"/>
    <property name="java.runtime.name" value="Java(TM) SE Runtime Environment"/>
    <property name="file.encoding" value="GBK"/>
    <property name="java.vm.name" value="Java HotSpot(TM) 64-Bit Server VM"/>
    <property name="localRepository" value="E:\Maven_Repo"/>
    <property name="java.vendor.url.bug" value="http://bugreport.sun.com/bugreport/"/>
    <property name="java.io.tmpdir" value="C:\Users\ADMINI~1\AppData\Local\Temp\"/>
    <property name="idea.version" value="2018.3.5"/>
    <property name="java.version" value="1.8.0_231"/>
    <property name="user.dir" value="C:\Users\Administrator\Desktop\account\account"/>
    <property name="os.arch" value="amd64"/>
    <property name="java.vm.specification.name" value="Java Virtual Machine Specification"/>
    <property name="java.awt.printerjob" value="sun.awt.windows.WPrinterJob"/>
    <property name="sun.os.patch.level" value=""/>
    <property name="java.library.path" value="C:\Program Files\Java\jdk1.8.0_231\jre\bin;C:\Windows\Sun\Java\bin;C:\Windows\system32;C:\Windows;E:\Xftp6\;E:\Xshell6\;C:\Windows\system32;C:\Windows;C:\Windows\System32\Wbem;C:\Windows\System32\WindowsPowerShell\v1.0\;C:\Windows\System32\OpenSSH\;C:\Program Files\Java\jdk1.8.0_231\bin;C:\Program Files\Java\jdk1.8.0_231\jre\bin;C:\Program Files (x86)\Microsoft SQL Server\100\Tools\Binn\;C:\Program Files\Microsoft SQL Server\100\Tools\Binn\;C:\Program Files\Microsoft SQL Server\100\DTS\Binn\;C:\Program Files (x86)\Microsoft SQL Server\100\Tools\Binn\VSShell\Common7\IDE\;C:\Program Files (x86)\Microsoft Visual Studio 9.0\Common7\IDE\PrivateAssemblies\;C:\Program Files (x86)\Microsoft SQL Server\100\DTS\Binn\;E:\mysql-8.0.19-winx64\mysql-8.0.19-winx64\bin;E:\apache-maven-3.6.3\bin;C:\Users\Administrator\AppData\Local\Microsoft\WindowsApps;;D:\WebStorm 2019.2.3\bin;;E:\IntelliJ IDEA 2018.3.5\bin;;."/>
    <property name="java.vm.info" value="mixed mode"/>
    <property name="java.vendor" value="Oracle Corporation"/>
    <property name="java.vm.version" value="25.231-b11"/>
    <property name="java.ext.dirs" value="C:\Program Files\Java\jdk1.8.0_231\jre\lib\ext;C:\Windows\Sun\Java\lib\ext"/>
    <property name="sun.io.unicode.encoding" value="UnicodeLittle"/>
    <property name="java.class.version" value="52.0"/>
  </properties>
  <testcase name="contextLoads" classname="com.plus.bysj.account.AccountApplicationTests" time="0.074"/>
</testsuite>